2025-09-03 18:43:15 [INFO]: 🚀 Server running on port 5000 in development mode
2025-09-03 18:43:15 [INFO]: 📊 Health check available at http://localhost:5000/health
2025-09-03 18:43:15 [INFO]: 📦 MongoDB Connected: 127.0.0.1
2025-09-03 18:43:37 [INFO]: SIGINT received, shutting down gracefully
2025-09-03 18:44:13 [INFO]: 🚀 Server running on port 5000 in development mode
2025-09-03 18:44:13 [INFO]: 📊 Health check available at http://localhost:5000/health
2025-09-03 18:44:13 [INFO]: 📦 MongoDB Connected: 127.0.0.1
2025-09-03 18:44:48 [INFO]: SIGINT received, shutting down gracefully
2025-09-04 14:13:15 [INFO]: 🚀 Server running on port 5000 in development mode
2025-09-04 14:13:15 [INFO]: 📊 Health check available at http://localhost:5000/health
2025-09-04 14:13:15 [INFO]: 📦 MongoDB Connected: 127.0.0.1
2025-09-04 14:16:18 [INFO]: SIGINT received, shutting down gracefully
2025-09-04 14:17:16 [INFO]: 🚀 Server running on port 5000 in development mode
2025-09-04 14:17:16 [INFO]: 📊 Health check available at http://localhost:5000/health
2025-09-04 14:17:16 [INFO]: 📦 MongoDB Connected: localhost
2025-09-04 14:19:58 [INFO]: SIGINT received, shutting down gracefully
2025-09-04 14:23:34 [INFO]: 🚀 Server running on port 5000 in development mode
2025-09-04 14:23:34 [INFO]: 📊 Health check available at http://localhost:5000/health
2025-09-04 14:23:34 [INFO]: 📦 MongoDB Connected: localhost
2025-09-04 14:23:44 [INFO]: Request started
{
  "method": "GET",
  "url": "/health",
  "ip": "::1",
  "userAgent": "Mozilla/5.0 (Windows NT 10.0; Win64; x64) AppleWebKit/537.36 (KHTML, like Gecko) Chrome/139.0.0.0 Safari/537.36",
  "userId": "anonymous"
}
2025-09-04 14:23:44 [INFO]: Request completed
{
  "method": "GET",
  "url": "/health",
  "statusCode": 200,
  "responseTime": "3.25ms",
  "contentLength": "114",
  "ip": "::1",
  "userAgent": "Mozilla/5.0 (Windows NT 10.0; Win64; x64) AppleWebKit/537.36 (KHTML, like Gecko) Chrome/139.0.0.0 Safari/537.36",
  "userId": "anonymous"
}
2025-09-04 14:23:44 [INFO]: Request started
{
  "method": "GET",
  "url": "/favicon.ico",
  "ip": "::1",
  "userAgent": "Mozilla/5.0 (Windows NT 10.0; Win64; x64) AppleWebKit/537.36 (KHTML, like Gecko) Chrome/139.0.0.0 Safari/537.36",
  "userId": "anonymous"
}
2025-09-04 14:23:44 [INFO]: Request completed
{
  "method": "GET",
  "url": "/favicon.ico",
  "statusCode": 404,
  "responseTime": "1.81ms",
  "contentLength": "63",
  "ip": "::1",
  "userAgent": "Mozilla/5.0 (Windows NT 10.0; Win64; x64) AppleWebKit/537.36 (KHTML, like Gecko) Chrome/139.0.0.0 Safari/537.36",
  "userId": "anonymous"
}
2025-09-04 14:23:53 [INFO]: SIGINT received, shutting down gracefully
